0 info it worked if it ends with ok
1 verbose cli [ '/usr/local/bin/node',
1 verbose cli   '/usr/local/lib/node_modules/tnpm/node_modules/_npm@3.10.10@npm/bin/npm-cli.js',
1 verbose cli   '--cache=/Users/jljsj/.tnpm',
1 verbose cli   '--tmp=/Users/jljsj/.tnpm_tmp',
1 verbose cli   '--no-proxy',
1 verbose cli   '--disturl=https://tnpm-hz.oss-cn-hangzhou.aliyuncs.com/dist/node',
1 verbose cli   '--userconfig=/Users/jljsj/.tnpmrc',
1 verbose cli   '--registry=http://registry.npm.alibaba-inc.com',
1 verbose cli   'run',
1 verbose cli   'lint' ]
2 info using npm@3.10.10
3 info using node@v8.4.0
4 verbose run-script [ 'prelint', 'lint', 'postlint' ]
5 info lifecycle @~prelint: @
6 silly lifecycle @~prelint: no script for prelint, continuing
7 info lifecycle @~lint: @
8 verbose lifecycle @~lint: unsafe-perm in lifecycle true
9 verbose lifecycle @~lint: PATH: /usr/local/lib/node_modules/tnpm/node_modules/_npm@3.10.10@npm/bin/node-gyp-bin:/Users/jljsj/Documents/web/landingpage/ant-design-pro/node_modules/.bin:/usr/local/bin:/usr/bin:/bin:/usr/sbin:/sbin:/usr/local/sbin
10 verbose lifecycle @~lint: CWD: /Users/jljsj/Documents/web/landingpage/ant-design-pro
11 silly lifecycle @~lint: Args: [ '-c', 'eslint --ext .js,.jsx src/' ]
12 silly lifecycle @~lint: Returned: code: 1  signal: null
13 info lifecycle @~lint: Failed to exec lint script
14 verbose stack Error: @ lint: `eslint --ext .js,.jsx src/`
14 verbose stack Exit status 1
14 verbose stack     at EventEmitter.<anonymous> (/usr/local/lib/node_modules/tnpm/node_modules/_npm@3.10.10@npm/lib/utils/lifecycle.js:255:16)
14 verbose stack     at emitTwo (events.js:125:13)
14 verbose stack     at EventEmitter.emit (events.js:213:7)
14 verbose stack     at ChildProcess.<anonymous> (/usr/local/lib/node_modules/tnpm/node_modules/_npm@3.10.10@npm/lib/utils/spawn.js:40:14)
14 verbose stack     at emitTwo (events.js:125:13)
14 verbose stack     at ChildProcess.emit (events.js:213:7)
14 verbose stack     at maybeClose (internal/child_process.js:927:16)
14 verbose stack     at Process.ChildProcess._handle.onexit (internal/child_process.js:211:5)
15 verbose pkgid @
16 verbose cwd /Users/jljsj/Documents/web/landingpage/ant-design-pro
17 error Darwin 17.2.0
18 error argv "/usr/local/bin/node" "/usr/local/lib/node_modules/tnpm/node_modules/_npm@3.10.10@npm/bin/npm-cli.js" "--cache=/Users/jljsj/.tnpm" "--tmp=/Users/jljsj/.tnpm_tmp" "--no-proxy" "--disturl=https://tnpm-hz.oss-cn-hangzhou.aliyuncs.com/dist/node" "--userconfig=/Users/jljsj/.tnpmrc" "--registry=http://registry.npm.alibaba-inc.com" "run" "lint"
19 error node v8.4.0
20 error npm  v3.10.10
21 error code ELIFECYCLE
22 error @ lint: `eslint --ext .js,.jsx src/`
22 error Exit status 1
23 error Failed at the @ lint script 'eslint --ext .js,.jsx src/'.
23 error Make sure you have the latest version of node.js and npm installed.
23 error If you do, this is most likely a problem with the  package,
23 error not with npm itself.
23 error Tell the author that this fails on your system:
23 error     eslint --ext .js,.jsx src/
23 error You can get information on how to open an issue for this project with:
23 error     npm bugs
23 error Or if that isn't available, you can get their info via:
23 error     npm owner ls
23 error There is likely additional logging output above.
24 verbose exit [ 1, true ]
